#-----------------------------------------------------------
# Vivado v2018.2.1 (64-bit)
# SW Build 2288692 on Thu Jul 26 18:24:02 MDT 2018
# IP Build 2289599 on Thu Jul 26 21:09:20 MDT 2018
# Start of session at: Thu Mar  7 13:00:07 2024
# Process ID: 9012
# Current directory: C:/Users/Public/Documents/AES/AES_Anurag/Decryption
# Command line: vivado.exe -gui_launcher_event rodinguilauncherevent12044 C:\Users\Public\Documents\AES\AES_Anurag\Decryption\Decryption.xpr
# Log file: C:/Users/Public/Documents/AES/AES_Anurag/Decryption/vivado.log
# Journal file: C:/Users/Public/Documents/AES/AES_Anurag/Decryption\vivado.jou
#-----------------------------------------------------------
start_gui
open_project C:/Users/Public/Documents/AES/AES_Anurag/Decryption/Decryption.xpr
INFO: [Project 1-313] Project file moved from 'C:/Users/jraby/Documents/Decryption' since last save.
WARNING: [Project 1-312] File not found as 'C:/Users/Public/Documents/AES/Downloads/decryption_uart/rx_sim_behav.wcfg'; using path 'C:/Users/jraby/Downloads/decryption_uart/rx_sim_behav.wcfg' instead.
Scanning sources...
Finished scanning sources
INFO: [IP_Flow 19-234] Refreshing IP repositories
INFO: [IP_Flow 19-1704] No user IP repositories specified
INFO: [IP_Flow 19-2313] Loaded Vivado IP repository 'C:/xilinx/Vivado/2018.2/data/ip'.
open_project: Time (s): cpu = 00:00:15 ; elapsed = 00:00:12 . Memory (MB): peak = 884.648 ; gain = 138.754
update_compile_order -fileset sources_1
exit
INFO: [Common 17-206] Exiting Vivado at Thu Mar  7 13:17:56 2024...
