Copyright 1986-2018 Xilinx, Inc. All Rights Reserved.
----------------------------------------------------------------------------------------------------------------------------------
| Tool Version     : Vivado v.2018.2.1 (win64) Build 2288692 Thu Jul 26 18:24:02 MDT 2018
| Date             : Fri Feb 16 14:21:50 2024
| Host             : SOE-EE-237552 running 64-bit major release  (build 9200)
| Command          : report_power -file main_power_routed.rpt -pb main_power_summary_routed.pb -rpx main_power_routed.rpx
| Design           : main
| Device           : xc7a100tcsg324-3
| Design State     : routed
| Grade            : extended
| Process          : typical
| Characterization : Production
----------------------------------------------------------------------------------------------------------------------------------

Power Report

Table of Contents
-----------------
1. Summary
1.1 On-Chip Components
1.2 Power Supply Summary
1.3 Confidence Level
2. Settings
2.1 Environment
2.2 Clock Constraints
3. Detailed Reports
3.1 By Hierarchy

1. Summary
----------

+--------------------------+--------------+
| Total On-Chip Power (W)  | 0.107        |
| Design Power Budget (W)  | Unspecified* |
| Power Budget Margin (W)  | NA           |
| Dynamic (W)              | 0.010        |
| Device Static (W)        | 0.097        |
| Effective TJA (C/W)      | 4.6          |
| Max Ambient (C)          | 99.5         |
| Junction Temperature (C) | 25.5         |
| Confidence Level         | Medium       |
| Setting File             | ---          |
| Simulation Activity File | ---          |
| Design Nets Matched      | NA           |
+--------------------------+--------------+
* Specify Design Power Budget using, set_operating_conditions -design_power_budget <value in Watts>


1.1 On-Chip Components
----------------------

+----------------+-----------+----------+-----------+-----------------+
| On-Chip        | Power (W) | Used     | Available | Utilization (%) |
+----------------+-----------+----------+-----------+-----------------+
| Clocks         |     0.007 |        3 |       --- |             --- |
| Slice Logic    |     0.002 |    11727 |       --- |             --- |
|   LUT as Logic |     0.002 |     7723 |     63400 |           12.18 |
|   CARRY4       |    <0.001 |       81 |     15850 |            0.51 |
|   Register     |    <0.001 |     1262 |    126800 |            1.00 |
|   F7/F8 Muxes  |    <0.001 |     2457 |     63400 |            3.88 |
|   Others       |     0.000 |       14 |       --- |             --- |
| Signals        |     0.002 |     7888 |       --- |             --- |
| I/O            |    <0.001 |        3 |       210 |            1.43 |
| Static Power   |     0.097 |          |           |                 |
| Total          |     0.107 |          |           |                 |
+----------------+-----------+----------+-----------+-----------------+


1.2 Power Supply Summary
------------------------

+-----------+-------------+-----------+-------------+------------+
| Source    | Voltage (V) | Total (A) | Dynamic (A) | Static (A) |
+-----------+-------------+-----------+-------------+------------+
| Vccint    |       1.000 |     0.025 |       0.010 |      0.015 |
| Vccaux    |       1.800 |     0.018 |       0.000 |      0.018 |
| Vcco33    |       3.300 |     0.004 |       0.000 |      0.004 |
| Vcco25    |       2.500 |     0.000 |       0.000 |      0.000 |
| Vcco18    |       1.800 |     0.000 |       0.000 |      0.000 |
| Vcco15    |       1.500 |     0.000 |       0.000 |      0.000 |
| Vcco135   |       1.350 |     0.000 |       0.000 |      0.000 |
| Vcco12    |       1.200 |     0.000 |       0.000 |      0.000 |
| Vccaux_io |       1.800 |     0.000 |       0.000 |      0.000 |
| Vccbram   |       1.000 |     0.000 |       0.000 |      0.000 |
| MGTAVcc   |       1.000 |     0.000 |       0.000 |      0.000 |
| MGTAVtt   |       1.200 |     0.000 |       0.000 |      0.000 |
| Vccadc    |       1.800 |     0.020 |       0.000 |      0.020 |
+-----------+-------------+-----------+-------------+------------+


1.3 Confidence Level
--------------------

+-----------------------------+------------+-------------------------------------------------------+------------------------------------------------------------------------------------------------------------+
| User Input Data             | Confidence | Details                                               | Action                                                                                                     |
+-----------------------------+------------+-------------------------------------------------------+------------------------------------------------------------------------------------------------------------+
| Design implementation state | High       | Design is routed                                      |                                                                                                            |
| Clock nodes activity        | High       | User specified more than 95% of clocks                |                                                                                                            |
| I/O nodes activity          | Medium     | More than 5% of inputs are missing user specification | Provide missing input activity with simulation results or by editing the "By Resource Type -> I/Os" view   |
| Internal nodes activity     | Medium     | User specified less than 25% of internal nodes        | Provide missing internal nodes activity with simulation results or by editing the "By Resource Type" views |
| Device models               | High       | Device models are Production                          |                                                                                                            |
|                             |            |                                                       |                                                                                                            |
| Overall confidence level    | Medium     |                                                       |                                                                                                            |
+-----------------------------+------------+-------------------------------------------------------+------------------------------------------------------------------------------------------------------------+


2. Settings
-----------

2.1 Environment
---------------

+-----------------------+--------------------------+
| Ambient Temp (C)      | 25.0                     |
| ThetaJA (C/W)         | 4.6                      |
| Airflow (LFM)         | 250                      |
| Heat Sink             | medium (Medium Profile)  |
| ThetaSA (C/W)         | 4.6                      |
| Board Selection       | medium (10"x10")         |
| # of Board Layers     | 12to15 (12 to 15 Layers) |
| Board Temperature (C) | 25.0                     |
+-----------------------+--------------------------+


2.2 Clock Constraints
---------------------

+-------------+--------+-----------------+
| Clock       | Domain | Constraint (ns) |
+-------------+--------+-----------------+
| sys_clk_pin | clk    |            10.0 |
+-------------+--------+-----------------+


3. Detailed Reports
-------------------

3.1 By Hierarchy
----------------

+-------------------+-----------+
| Name              | Power (W) |
+-------------------+-----------+
| main              |     0.010 |
|   DUM             |     0.006 |
|     encode        |     0.006 |
|       first       |     0.001 |
|         DUM2      |    <0.001 |
|           RiSB    |    <0.001 |
|             aes01 |    <0.001 |
|             aes02 |    <0.001 |
|             aes03 |    <0.001 |
|             aes04 |    <0.001 |
|             aes05 |    <0.001 |
|             aes06 |    <0.001 |
|             aes07 |    <0.001 |
|             aes08 |    <0.001 |
|             aes09 |    <0.001 |
|             aes10 |    <0.001 |
|             aes11 |    <0.001 |
|             aes12 |    <0.001 |
|             aes13 |    <0.001 |
|             aes14 |    <0.001 |
|             aes15 |    <0.001 |
|             aes16 |    <0.001 |
|         DUM3      |    <0.001 |
|           RiSB    |    <0.001 |
|             aes01 |    <0.001 |
|             aes02 |    <0.001 |
|             aes03 |    <0.001 |
|             aes04 |    <0.001 |
|             aes05 |    <0.001 |
|             aes06 |    <0.001 |
|             aes07 |    <0.001 |
|             aes08 |    <0.001 |
|             aes09 |    <0.001 |
|             aes10 |    <0.001 |
|             aes11 |    <0.001 |
|             aes12 |    <0.001 |
|             aes13 |    <0.001 |
|             aes14 |    <0.001 |
|             aes15 |    <0.001 |
|             aes16 |    <0.001 |
|       last        |     0.001 |
|         DUM1      |    <0.001 |
|           RiSB    |    <0.001 |
|             aes01 |    <0.001 |
|             aes02 |    <0.001 |
|             aes03 |    <0.001 |
|             aes04 |    <0.001 |
|             aes05 |    <0.001 |
|             aes06 |    <0.001 |
|             aes07 |    <0.001 |
|             aes08 |    <0.001 |
|             aes09 |    <0.001 |
|             aes10 |    <0.001 |
|             aes11 |    <0.001 |
|             aes12 |    <0.001 |
|             aes13 |    <0.001 |
|             aes14 |    <0.001 |
|             aes15 |    <0.001 |
|             aes16 |    <0.001 |
|         DUM2      |    <0.001 |
|           RFAk    |    <0.001 |
|           RFSB    |    <0.001 |
|             aes01 |    <0.001 |
|             aes02 |    <0.001 |
|             aes03 |    <0.001 |
|             aes04 |    <0.001 |
|             aes05 |    <0.001 |
|             aes06 |    <0.001 |
|             aes07 |    <0.001 |
|             aes08 |    <0.001 |
|             aes09 |    <0.001 |
|             aes10 |    <0.001 |
|             aes11 |    <0.001 |
|             aes13 |    <0.001 |
|             aes14 |    <0.001 |
|             aes15 |    <0.001 |
|             aes16 |    <0.001 |
|       mid1        |     0.001 |
|         DUM1      |    <0.001 |
|           RiSB    |    <0.001 |
|             aes01 |    <0.001 |
|             aes02 |    <0.001 |
|             aes03 |    <0.001 |
|             aes04 |    <0.001 |
|             aes05 |    <0.001 |
|             aes06 |    <0.001 |
|             aes07 |    <0.001 |
|             aes08 |    <0.001 |
|             aes09 |    <0.001 |
|             aes10 |    <0.001 |
|             aes11 |    <0.001 |
|             aes12 |    <0.001 |
|             aes13 |    <0.001 |
|             aes14 |    <0.001 |
|             aes15 |    <0.001 |
|             aes16 |    <0.001 |
|         DUM2      |    <0.001 |
|           RiSB    |    <0.001 |
|             aes01 |    <0.001 |
|             aes02 |    <0.001 |
|             aes03 |    <0.001 |
|             aes04 |    <0.001 |
|             aes05 |    <0.001 |
|             aes06 |    <0.001 |
|             aes07 |    <0.001 |
|             aes08 |    <0.001 |
|             aes09 |    <0.001 |
|             aes10 |    <0.001 |
|             aes11 |    <0.001 |
|             aes12 |    <0.001 |
|             aes13 |    <0.001 |
|             aes14 |    <0.001 |
|             aes15 |    <0.001 |
|             aes16 |    <0.001 |
|       mid2        |     0.001 |
|         DUM1      |    <0.001 |
|           RiSB    |    <0.001 |
|             aes01 |    <0.001 |
|             aes02 |    <0.001 |
|             aes03 |    <0.001 |
|             aes04 |    <0.001 |
|             aes05 |    <0.001 |
|             aes06 |    <0.001 |
|             aes07 |    <0.001 |
|             aes08 |    <0.001 |
|             aes09 |    <0.001 |
|             aes10 |    <0.001 |
|             aes11 |    <0.001 |
|             aes12 |    <0.001 |
|             aes13 |    <0.001 |
|             aes14 |    <0.001 |
|             aes15 |    <0.001 |
|             aes16 |    <0.001 |
|         DUM2      |    <0.001 |
|           RiSB    |    <0.001 |
|             aes01 |    <0.001 |
|             aes02 |    <0.001 |
|             aes03 |    <0.001 |
|             aes04 |    <0.001 |
|             aes05 |    <0.001 |
|             aes06 |    <0.001 |
|             aes07 |    <0.001 |
|             aes08 |    <0.001 |
|             aes09 |    <0.001 |
|             aes10 |    <0.001 |
|             aes11 |    <0.001 |
|             aes12 |    <0.001 |
|             aes13 |    <0.001 |
|             aes14 |    <0.001 |
|             aes15 |    <0.001 |
|             aes16 |    <0.001 |
|       mid3        |     0.001 |
|         DUM1      |    <0.001 |
|           RiSB    |    <0.001 |
|             aes01 |    <0.001 |
|             aes02 |    <0.001 |
|             aes03 |    <0.001 |
|             aes04 |    <0.001 |
|             aes05 |    <0.001 |
|             aes06 |    <0.001 |
|             aes07 |    <0.001 |
|             aes08 |    <0.001 |
|             aes09 |    <0.001 |
|             aes10 |    <0.001 |
|             aes11 |    <0.001 |
|             aes12 |    <0.001 |
|             aes13 |    <0.001 |
|             aes14 |    <0.001 |
|             aes15 |    <0.001 |
|             aes16 |    <0.001 |
|         DUM2      |    <0.001 |
|           RiSB    |    <0.001 |
|             aes01 |    <0.001 |
|             aes02 |    <0.001 |
|             aes03 |    <0.001 |
|             aes04 |    <0.001 |
|             aes05 |    <0.001 |
|             aes06 |    <0.001 |
|             aes07 |    <0.001 |
|             aes08 |    <0.001 |
|             aes09 |    <0.001 |
|             aes10 |    <0.001 |
|             aes11 |    <0.001 |
|             aes12 |    <0.001 |
|             aes13 |    <0.001 |
|             aes14 |    <0.001 |
|             aes15 |    <0.001 |
|             aes16 |    <0.001 |
|   DUT1            |     0.003 |
|   DUT3            |    <0.001 |
+-------------------+-----------+


